2021-12-13 14:34:54,533  INFO Microsoft.AspNetCore.DataProtection.KeyManagement.XmlKeyManager.? [?] - MESSAGE: User profile is available. Using 'C:\Users\taggoz\AppData\Local\ASP.NET\DataProtection-Keys' as key repository and Windows DPAPI to encrypt keys at rest.
 2021-12-13 14:34:55,486  INFO Microsoft.AspNetCore.Hosting.Internal.WebHost.? [?] - MESSAGE: Request starting HTTP/1.1 GET http://localhost:44322/Home/GetFilmList  
 2021-12-13 14:34:55,489  INFO Microsoft.AspNetCore.Hosting.Internal.WebHost.? [?] - MESSAGE: Request starting HTTP/1.1 DEBUG http://localhost:50295/  0
 2021-12-13 14:34:55,538  INFO Microsoft.AspNetCore.Hosting.Internal.WebHost.? [?] - MESSAGE: Request finished in 40.4397ms 200 
 2021-12-13 14:34:55,747  INFO Microsoft.AspNetCore.Mvc.Internal.ControllerActionInvoker.? [?] - MESSAGE: Route matched with {action = "GetFilmList", controller = "Home"}. Executing controller action with signature Microsoft.AspNetCore.Mvc.IActionResult GetFilmList() on controller DigiturkFilmCase.Controllers.HomeController (DigiturkFilmCase).
 2021-12-13 14:34:55,920  INFO Microsoft.AspNetCore.Mvc.Internal.ControllerActionInvoker.? [?] - MESSAGE: Executing action method DigiturkFilmCase.Controllers.HomeController.GetFilmList (DigiturkFilmCase) - Validation state: Valid
 2021-12-13 14:34:55,929  INFO Microsoft.AspNetCore.Mvc.Internal.ControllerActionInvoker.? [?] - MESSAGE: Executed action method DigiturkFilmCase.Controllers.HomeController.GetFilmList (DigiturkFilmCase), returned result Microsoft.AspNetCore.Mvc.OkObjectResult in 0.9797ms.
 2021-12-13 14:34:55,940  INFO Microsoft.AspNetCore.Mvc.Infrastructure.ObjectResultExecutor.? [?] - MESSAGE: Executing ObjectResult, writing value of type 'System.Collections.Generic.List`1[[DigiturkFilmCase.Models.Film, DigiturkFilmCase, Version=1.0.0.0, Culture=neutral, PublicKeyToken=null]]'.
 2021-12-13 14:34:56,119  INFO Microsoft.AspNetCore.Mvc.Internal.ControllerActionInvoker.? [?] - MESSAGE: Executed action DigiturkFilmCase.Controllers.HomeController.GetFilmList (DigiturkFilmCase) in 365.7786ms
 2021-12-13 14:34:56,132  INFO Microsoft.AspNetCore.Hosting.Internal.WebHost.? [?] - MESSAGE: Request finished in 643.774ms 200 application/json; charset=utf-8
 2021-12-13 14:35:06,823  INFO Microsoft.AspNetCore.Hosting.Internal.WebHost.? [?] - MESSAGE: Request starting HTTP/1.1 GET http://localhost:44322/Home/GetCategory  
 2021-12-13 14:35:06,833  INFO Microsoft.AspNetCore.Hosting.Internal.WebHost.? [?] - MESSAGE: Request finished in 9.9396ms 404 
 2021-12-13 14:35:14,699  INFO Microsoft.AspNetCore.Hosting.Internal.WebHost.? [?] - MESSAGE: Request starting HTTP/1.1 GET http://localhost:44322/Home/GetCategoryList  
 2021-12-13 14:35:14,703  INFO Microsoft.AspNetCore.Mvc.Internal.ControllerActionInvoker.? [?] - MESSAGE: Route matched with {action = "GetCategoryList", controller = "Home"}. Executing controller action with signature Microsoft.AspNetCore.Mvc.IActionResult GetCategoryList() on controller DigiturkFilmCase.Controllers.HomeController (DigiturkFilmCase).
 2021-12-13 14:35:14,708  INFO Microsoft.AspNetCore.Mvc.Internal.ControllerActionInvoker.? [?] - MESSAGE: Executing action method DigiturkFilmCase.Controllers.HomeController.GetCategoryList (DigiturkFilmCase) - Validation state: Valid
 2021-12-13 14:35:14,713  INFO Microsoft.AspNetCore.Mvc.Internal.ControllerActionInvoker.? [?] - MESSAGE: Executed action method DigiturkFilmCase.Controllers.HomeController.GetCategoryList (DigiturkFilmCase), returned result Microsoft.AspNetCore.Mvc.OkObjectResult in 2.0599ms.
 2021-12-13 14:35:14,715  INFO Microsoft.AspNetCore.Mvc.Infrastructure.ObjectResultExecutor.? [?] - MESSAGE: Executing ObjectResult, writing value of type 'System.Collections.Generic.List`1[[System.String, System.Private.CoreLib, Version=4.0.0.0, Culture=neutral, PublicKeyToken=7cec85d7bea7798e]]'.
 2021-12-13 14:35:14,719  INFO Microsoft.AspNetCore.Mvc.Internal.ControllerActionInvoker.? [?] - MESSAGE: Executed action DigiturkFilmCase.Controllers.HomeController.GetCategoryList (DigiturkFilmCase) in 13.5392ms
 2021-12-13 14:35:14,729  INFO Microsoft.AspNetCore.Hosting.Internal.WebHost.? [?] - MESSAGE: Request finished in 23.5293ms 200 application/json; charset=utf-8
 2021-12-13 14:35:21,137  INFO Microsoft.AspNetCore.Hosting.Internal.WebHost.? [?] - MESSAGE: Request starting HTTP/1.1 GET http://localhost:44322/Home/GetFilmDetailByFilmId/5  
 2021-12-13 14:35:21,158  INFO Microsoft.AspNetCore.Mvc.Internal.ControllerActionInvoker.? [?] - MESSAGE: Route matched with {action = "GetFilmDetailByFilmId", controller = "Home"}. Executing controller action with signature Microsoft.AspNetCore.Mvc.IActionResult GetFilmDetailByFilmId(Int32) on controller DigiturkFilmCase.Controllers.HomeController (DigiturkFilmCase).
 2021-12-13 14:35:21,181  INFO Microsoft.AspNetCore.Mvc.Internal.ControllerActionInvoker.? [?] - MESSAGE: Executing action method DigiturkFilmCase.Controllers.HomeController.GetFilmDetailByFilmId (DigiturkFilmCase) - Validation state: Valid
 2021-12-13 14:35:21,184  INFO Microsoft.AspNetCore.Mvc.Internal.ControllerActionInvoker.? [?] - MESSAGE: Executed action method DigiturkFilmCase.Controllers.HomeController.GetFilmDetailByFilmId (DigiturkFilmCase), returned result Microsoft.AspNetCore.Mvc.OkObjectResult in 1.8673ms.
 2021-12-13 14:35:21,187  INFO Microsoft.AspNetCore.Mvc.Infrastructure.ObjectResultExecutor.? [?] - MESSAGE: Executing ObjectResult, writing value of type 'System.String'.
 2021-12-13 14:35:21,191  INFO Microsoft.AspNetCore.Mvc.Internal.ControllerActionInvoker.? [?] - MESSAGE: Executed action DigiturkFilmCase.Controllers.HomeController.GetFilmDetailByFilmId (DigiturkFilmCase) in 28.7885ms
 2021-12-13 14:35:21,198  INFO Microsoft.AspNetCore.Hosting.Internal.WebHost.? [?] - MESSAGE: Request finished in 59.4855ms 200 text/plain; charset=utf-8
 2021-12-13 14:35:35,810  INFO Microsoft.AspNetCore.Hosting.Internal.WebHost.? [?] - MESSAGE: Request starting HTTP/1.1 GET http://localhost:44322/Home/GetUserList  
 2021-12-13 14:35:35,814  INFO Microsoft.AspNetCore.Mvc.Internal.ControllerActionInvoker.? [?] - MESSAGE: Route matched with {action = "GetUserList", controller = "Home"}. Executing controller action with signature Microsoft.AspNetCore.Mvc.IActionResult GetUserList() on controller DigiturkFilmCase.Controllers.HomeController (DigiturkFilmCase).
 2021-12-13 14:35:35,816  INFO Microsoft.AspNetCore.Mvc.Internal.ControllerActionInvoker.? [?] - MESSAGE: Executing action method DigiturkFilmCase.Controllers.HomeController.GetUserList (DigiturkFilmCase) - Validation state: Valid
 2021-12-13 14:36:09,791  INFO Microsoft.AspNetCore.Mvc.Internal.ControllerActionInvoker.? [?] - MESSAGE: Executed action method DigiturkFilmCase.Controllers.HomeController.GetUserList (DigiturkFilmCase), returned result Microsoft.AspNetCore.Mvc.OkObjectResult in 33973.0086ms.
 2021-12-13 14:36:09,795  INFO Microsoft.AspNetCore.Mvc.Infrastructure.ObjectResultExecutor.? [?] - MESSAGE: Executing ObjectResult, writing value of type 'null'.
 2021-12-13 14:36:09,798  INFO Microsoft.AspNetCore.Mvc.Internal.ControllerActionInvoker.? [?] - MESSAGE: Executed action DigiturkFilmCase.Controllers.HomeController.GetUserList (DigiturkFilmCase) in 33981.5671ms
 2021-12-13 14:36:09,802  INFO Microsoft.AspNetCore.Hosting.Internal.WebHost.? [?] - MESSAGE: Request finished in 33990.3227ms 204 
 2021-12-13 14:36:20,518  INFO Microsoft.AspNetCore.Hosting.Internal.WebHost.? [?] - MESSAGE: Request starting HTTP/1.1 GET http://localhost:44322/Home/GetUserList  
 2021-12-13 14:36:20,520  INFO Microsoft.AspNetCore.Mvc.Internal.ControllerActionInvoker.? [?] - MESSAGE: Route matched with {action = "GetUserList", controller = "Home"}. Executing controller action with signature Microsoft.AspNetCore.Mvc.IActionResult GetUserList() on controller DigiturkFilmCase.Controllers.HomeController (DigiturkFilmCase).
 2021-12-13 14:36:20,524  INFO Microsoft.AspNetCore.Mvc.Internal.ControllerActionInvoker.? [?] - MESSAGE: Executing action method DigiturkFilmCase.Controllers.HomeController.GetUserList (DigiturkFilmCase) - Validation state: Valid
 2021-12-13 14:37:46,052  INFO Microsoft.AspNetCore.DataProtection.KeyManagement.XmlKeyManager.? [?] - MESSAGE: User profile is available. Using 'C:\Users\taggoz\AppData\Local\ASP.NET\DataProtection-Keys' as key repository and Windows DPAPI to encrypt keys at rest.
 2021-12-13 14:37:46,729  INFO Microsoft.AspNetCore.Hosting.Internal.WebHost.? [?] - MESSAGE: Request starting HTTP/1.1 GET http://localhost:44322/Home/GetFilmList  
 2021-12-13 14:37:46,730  INFO Microsoft.AspNetCore.Hosting.Internal.WebHost.? [?] - MESSAGE: Request starting HTTP/1.1 DEBUG http://localhost:50295/  0
 2021-12-13 14:37:46,780  INFO Microsoft.AspNetCore.Hosting.Internal.WebHost.? [?] - MESSAGE: Request finished in 43.4428ms 200 
 2021-12-13 14:37:46,949  INFO Microsoft.AspNetCore.Mvc.Internal.ControllerActionInvoker.? [?] - MESSAGE: Route matched with {action = "GetFilmList", controller = "Home"}. Executing controller action with signature Microsoft.AspNetCore.Mvc.IActionResult GetFilmList() on controller DigiturkFilmCase.Controllers.HomeController (DigiturkFilmCase).
 2021-12-13 14:37:47,091  INFO Microsoft.AspNetCore.Mvc.Internal.ControllerActionInvoker.? [?] - MESSAGE: Executing action method DigiturkFilmCase.Controllers.HomeController.GetFilmList (DigiturkFilmCase) - Validation state: Valid
 2021-12-13 14:37:47,098  INFO Microsoft.AspNetCore.Mvc.Internal.ControllerActionInvoker.? [?] - MESSAGE: Executed action method DigiturkFilmCase.Controllers.HomeController.GetFilmList (DigiturkFilmCase), returned result Microsoft.AspNetCore.Mvc.OkObjectResult in 0.6188ms.
 2021-12-13 14:37:47,110  INFO Microsoft.AspNetCore.Mvc.Infrastructure.ObjectResultExecutor.? [?] - MESSAGE: Executing ObjectResult, writing value of type 'System.Collections.Generic.List`1[[DigiturkFilmCase.Models.Film, DigiturkFilmCase, Version=1.0.0.0, Culture=neutral, PublicKeyToken=null]]'.
 2021-12-13 14:37:47,274  INFO Microsoft.AspNetCore.Mvc.Internal.ControllerActionInvoker.? [?] - MESSAGE: Executed action DigiturkFilmCase.Controllers.HomeController.GetFilmList (DigiturkFilmCase) in 319.5204ms
 2021-12-13 14:37:47,284  INFO Microsoft.AspNetCore.Hosting.Internal.WebHost.? [?] - MESSAGE: Request finished in 555.6168ms 200 application/json; charset=utf-8
 2021-12-13 14:37:53,426  INFO Microsoft.AspNetCore.Hosting.Internal.WebHost.? [?] - MESSAGE: Request starting HTTP/1.1 GET http://localhost:44322/Home/GetCategory  
 2021-12-13 14:37:53,436  INFO Microsoft.AspNetCore.Hosting.Internal.WebHost.? [?] - MESSAGE: Request finished in 7.8648ms 404 
 2021-12-13 14:37:58,534  INFO Microsoft.AspNetCore.Hosting.Internal.WebHost.? [?] - MESSAGE: Request starting HTTP/1.1 GET http://localhost:44322/Home/GetCategoryL  
 2021-12-13 14:37:58,537  INFO Microsoft.AspNetCore.Hosting.Internal.WebHost.? [?] - MESSAGE: Request finished in 5.6978ms 404 
 2021-12-13 14:38:04,057  INFO Microsoft.AspNetCore.Hosting.Internal.WebHost.? [?] - MESSAGE: Request starting HTTP/1.1 GET http://localhost:44322/Home/GetCategoryList  
 2021-12-13 14:38:04,062  INFO Microsoft.AspNetCore.Mvc.Internal.ControllerActionInvoker.? [?] - MESSAGE: Route matched with {action = "GetCategoryList", controller = "Home"}. Executing controller action with signature Microsoft.AspNetCore.Mvc.IActionResult GetCategoryList() on controller DigiturkFilmCase.Controllers.HomeController (DigiturkFilmCase).
 2021-12-13 14:38:04,066  INFO Microsoft.AspNetCore.Mvc.Internal.ControllerActionInvoker.? [?] - MESSAGE: Executing action method DigiturkFilmCase.Controllers.HomeController.GetCategoryList (DigiturkFilmCase) - Validation state: Valid
 2021-12-13 14:38:04,071  INFO Microsoft.AspNetCore.Mvc.Internal.ControllerActionInvoker.? [?] - MESSAGE: Executed action method DigiturkFilmCase.Controllers.HomeController.GetCategoryList (DigiturkFilmCase), returned result Microsoft.AspNetCore.Mvc.OkObjectResult in 1.2968ms.
 2021-12-13 14:38:04,073  INFO Microsoft.AspNetCore.Mvc.Infrastructure.ObjectResultExecutor.? [?] - MESSAGE: Executing ObjectResult, writing value of type 'System.Collections.Generic.List`1[[System.String, System.Private.CoreLib, Version=4.0.0.0, Culture=neutral, PublicKeyToken=7cec85d7bea7798e]]'.
 2021-12-13 14:38:04,077  INFO Microsoft.AspNetCore.Mvc.Internal.ControllerActionInvoker.? [?] - MESSAGE: Executed action DigiturkFilmCase.Controllers.HomeController.GetCategoryList (DigiturkFilmCase) in 13.2852ms
 2021-12-13 14:38:04,082  INFO Microsoft.AspNetCore.Hosting.Internal.WebHost.? [?] - MESSAGE: Request finished in 23.5973ms 200 application/json; charset=utf-8
 2021-12-13 14:38:12,708  INFO Microsoft.AspNetCore.Hosting.Internal.WebHost.? [?] - MESSAGE: Request starting HTTP/1.1 GET http://localhost:44322/Home/GetUserList  
 2021-12-13 14:38:12,715  INFO Microsoft.AspNetCore.Mvc.Internal.ControllerActionInvoker.? [?] - MESSAGE: Route matched with {action = "GetUserList", controller = "Home"}. Executing controller action with signature Microsoft.AspNetCore.Mvc.IActionResult GetUserList() on controller DigiturkFilmCase.Controllers.HomeController (DigiturkFilmCase).
 2021-12-13 14:38:12,717  INFO Microsoft.AspNetCore.Mvc.Internal.ControllerActionInvoker.? [?] - MESSAGE: Executing action method DigiturkFilmCase.Controllers.HomeController.GetUserList (DigiturkFilmCase) - Validation state: Valid
 2021-12-13 14:44:35,446  INFO Microsoft.AspNetCore.DataProtection.KeyManagement.XmlKeyManager.? [?] - MESSAGE: User profile is available. Using 'C:\Users\taggoz\AppData\Local\ASP.NET\DataProtection-Keys' as key repository and Windows DPAPI to encrypt keys at rest.
 2021-12-13 14:44:36,209  INFO Microsoft.AspNetCore.Hosting.Internal.WebHost.? [?] - MESSAGE: Request starting HTTP/1.1 DEBUG http://localhost:50295/  0
 2021-12-13 14:44:36,210  INFO Microsoft.AspNetCore.Hosting.Internal.WebHost.? [?] - MESSAGE: Request starting HTTP/1.1 GET http://localhost:44322/Home/GetFilmList  
 2021-12-13 14:44:36,248  INFO Microsoft.AspNetCore.Hosting.Internal.WebHost.? [?] - MESSAGE: Request finished in 36.378ms 200 
 2021-12-13 14:44:36,435  INFO Microsoft.AspNetCore.Mvc.Internal.ControllerActionInvoker.? [?] - MESSAGE: Route matched with {action = "GetFilmList", controller = "Home"}. Executing controller action with signature Microsoft.AspNetCore.Mvc.IActionResult GetFilmList() on controller DigiturkFilmCase.Controllers.HomeController (DigiturkFilmCase).
 2021-12-13 14:44:36,630  INFO Microsoft.AspNetCore.Mvc.Internal.ControllerActionInvoker.? [?] - MESSAGE: Executing action method DigiturkFilmCase.Controllers.HomeController.GetFilmList (DigiturkFilmCase) - Validation state: Valid
 2021-12-13 14:44:36,635  INFO Microsoft.AspNetCore.Mvc.Internal.ControllerActionInvoker.? [?] - MESSAGE: Executed action method DigiturkFilmCase.Controllers.HomeController.GetFilmList (DigiturkFilmCase), returned result Microsoft.AspNetCore.Mvc.OkObjectResult in 0.6172ms.
 2021-12-13 14:44:36,648  INFO Microsoft.AspNetCore.Mvc.Infrastructure.ObjectResultExecutor.? [?] - MESSAGE: Executing ObjectResult, writing value of type 'System.Collections.Generic.List`1[[DigiturkFilmCase.Models.Film, DigiturkFilmCase, Version=1.0.0.0, Culture=neutral, PublicKeyToken=null]]'.
 2021-12-13 14:44:36,827  INFO Microsoft.AspNetCore.Mvc.Internal.ControllerActionInvoker.? [?] - MESSAGE: Executed action DigiturkFilmCase.Controllers.HomeController.GetFilmList (DigiturkFilmCase) in 386.3929ms
 2021-12-13 14:44:36,838  INFO Microsoft.AspNetCore.Hosting.Internal.WebHost.? [?] - MESSAGE: Request finished in 630.8373ms 200 application/json; charset=utf-8
 2021-12-13 14:44:44,832  INFO Microsoft.AspNetCore.Hosting.Internal.WebHost.? [?] - MESSAGE: Request starting HTTP/1.1 GET http://localhost:44322/Home/GetUserList  
 2021-12-13 14:44:44,835  INFO Microsoft.AspNetCore.Mvc.Internal.ControllerActionInvoker.? [?] - MESSAGE: Route matched with {action = "GetUserList", controller = "Home"}. Executing controller action with signature Microsoft.AspNetCore.Mvc.IActionResult GetUserList() on controller DigiturkFilmCase.Controllers.HomeController (DigiturkFilmCase).
 2021-12-13 14:44:44,838  INFO Microsoft.AspNetCore.Mvc.Internal.ControllerActionInvoker.? [?] - MESSAGE: Executing action method DigiturkFilmCase.Controllers.HomeController.GetUserList (DigiturkFilmCase) - Validation state: Valid
 2021-12-13 14:45:10,922  INFO Microsoft.AspNetCore.Mvc.Internal.ControllerActionInvoker.? [?] - MESSAGE: Executed action method DigiturkFilmCase.Controllers.HomeController.GetUserList (DigiturkFilmCase), returned result Microsoft.AspNetCore.Mvc.OkObjectResult in 26081.3515ms.
 2021-12-13 14:45:10,926  INFO Microsoft.AspNetCore.Mvc.Infrastructure.ObjectResultExecutor.? [?] - MESSAGE: Executing ObjectResult, writing value of type 'System.Collections.Generic.List`1[[DigiturkFilmCase.Models.User, DigiturkFilmCase, Version=1.0.0.0, Culture=neutral, PublicKeyToken=null]]'.
 2021-12-13 14:45:10,932  INFO Microsoft.AspNetCore.Mvc.Internal.ControllerActionInvoker.? [?] - MESSAGE: Executed action DigiturkFilmCase.Controllers.HomeController.GetUserList (DigiturkFilmCase) in 26094.1094ms
 2021-12-13 14:45:10,936  INFO Microsoft.AspNetCore.Hosting.Internal.WebHost.? [?] - MESSAGE: Request finished in 26102.8488ms 200 application/json; charset=utf-8
 2021-12-13 14:45:40,442  INFO Microsoft.AspNetCore.Hosting.Internal.WebHost.? [?] - MESSAGE: Request starting HTTP/1.1 GET http://localhost:44322/Home/GetUserList  
 2021-12-13 14:45:40,450  INFO Microsoft.AspNetCore.Mvc.Internal.ControllerActionInvoker.? [?] - MESSAGE: Route matched with {action = "GetUserList", controller = "Home"}. Executing controller action with signature Microsoft.AspNetCore.Mvc.IActionResult GetUserList() on controller DigiturkFilmCase.Controllers.HomeController (DigiturkFilmCase).
 2021-12-13 14:45:40,462  INFO Microsoft.AspNetCore.Mvc.Internal.ControllerActionInvoker.? [?] - MESSAGE: Executing action method DigiturkFilmCase.Controllers.HomeController.GetUserList (DigiturkFilmCase) - Validation state: Valid
 2021-12-13 14:46:04,619  INFO Microsoft.AspNetCore.Mvc.Internal.ControllerActionInvoker.? [?] - MESSAGE: Executed action method DigiturkFilmCase.Controllers.HomeController.GetUserList (DigiturkFilmCase), returned result Microsoft.AspNetCore.Mvc.OkObjectResult in 24153.3086ms.
 2021-12-13 14:46:04,621  INFO Microsoft.AspNetCore.Mvc.Infrastructure.ObjectResultExecutor.? [?] - MESSAGE: Executing ObjectResult, writing value of type 'System.Collections.Generic.List`1[[DigiturkFilmCase.Models.User, DigiturkFilmCase, Version=1.0.0.0, Culture=neutral, PublicKeyToken=null]]'.
 2021-12-13 14:46:04,626  INFO Microsoft.AspNetCore.Mvc.Internal.ControllerActionInvoker.? [?] - MESSAGE: Executed action DigiturkFilmCase.Controllers.HomeController.GetUserList (DigiturkFilmCase) in 24171.7176ms
 2021-12-13 14:46:04,631  INFO Microsoft.AspNetCore.Hosting.Internal.WebHost.? [?] - MESSAGE: Request finished in 24193.2154ms 200 application/json; charset=utf-8
 2021-12-13 14:46:28,714  INFO Microsoft.AspNetCore.Hosting.Internal.WebHost.? [?] - MESSAGE: Request starting HTTP/1.1 GET http://localhost:44322/Home/DeleteCache  
 2021-12-13 14:46:28,719  INFO Microsoft.AspNetCore.Mvc.Internal.ControllerActionInvoker.? [?] - MESSAGE: Route matched with {action = "DeleteCache", controller = "Home"}. Executing controller action with signature Microsoft.AspNetCore.Mvc.IActionResult DeleteCache() on controller DigiturkFilmCase.Controllers.HomeController (DigiturkFilmCase).
 2021-12-13 14:46:28,722  INFO Microsoft.AspNetCore.Mvc.Internal.ControllerActionInvoker.? [?] - MESSAGE: Executing action method DigiturkFilmCase.Controllers.HomeController.DeleteCache (DigiturkFilmCase) - Validation state: Valid
 2021-12-13 14:46:37,128  INFO Microsoft.AspNetCore.Mvc.Internal.ControllerActionInvoker.? [?] - MESSAGE: Executed action method DigiturkFilmCase.Controllers.HomeController.DeleteCache (DigiturkFilmCase), returned result Microsoft.AspNetCore.Mvc.OkResult in 8399.6718ms.
 2021-12-13 14:46:37,139  INFO Microsoft.AspNetCore.Mvc.StatusCodeResult.? [?] - MESSAGE: Executing HttpStatusCodeResult, setting HTTP status code 200
 2021-12-13 14:46:37,141  INFO Microsoft.AspNetCore.Mvc.Internal.ControllerActionInvoker.? [?] - MESSAGE: Executed action DigiturkFilmCase.Controllers.HomeController.DeleteCache (DigiturkFilmCase) in 8419.6337ms
 2021-12-13 14:46:37,173  INFO Microsoft.AspNetCore.Hosting.Internal.WebHost.? [?] - MESSAGE: Request finished in 8432.1386ms 200 
 2021-12-13 14:46:46,817  INFO Microsoft.AspNetCore.Hosting.Internal.WebHost.? [?] - MESSAGE: Request starting HTTP/1.1 GET http://localhost:44322/Home/GetUserList  
 2021-12-13 14:46:46,821  INFO Microsoft.AspNetCore.Mvc.Internal.ControllerActionInvoker.? [?] - MESSAGE: Route matched with {action = "GetUserList", controller = "Home"}. Executing controller action with signature Microsoft.AspNetCore.Mvc.IActionResult GetUserList() on controller DigiturkFilmCase.Controllers.HomeController (DigiturkFilmCase).
 2021-12-13 14:46:46,823  INFO Microsoft.AspNetCore.Mvc.Internal.ControllerActionInvoker.? [?] - MESSAGE: Executing action method DigiturkFilmCase.Controllers.HomeController.GetUserList (DigiturkFilmCase) - Validation state: Valid
 2021-12-13 14:47:02,869  INFO Microsoft.AspNetCore.Mvc.Internal.ControllerActionInvoker.? [?] - MESSAGE: Executed action method DigiturkFilmCase.Controllers.HomeController.GetUserList (DigiturkFilmCase), returned result Microsoft.AspNetCore.Mvc.OkObjectResult in 16040.5965ms.
 2021-12-13 14:47:02,872  INFO Microsoft.AspNetCore.Mvc.Infrastructure.ObjectResultExecutor.? [?] - MESSAGE: Executing ObjectResult, writing value of type 'System.Collections.Generic.List`1[[DigiturkFilmCase.Models.User, DigiturkFilmCase, Version=1.0.0.0, Culture=neutral, PublicKeyToken=null]]'.
 2021-12-13 14:47:02,879  INFO Microsoft.AspNetCore.Mvc.Internal.ControllerActionInvoker.? [?] - MESSAGE: Executed action DigiturkFilmCase.Controllers.HomeController.GetUserList (DigiturkFilmCase) in 16051.3405ms
 2021-12-13 14:47:02,889  INFO Microsoft.AspNetCore.Hosting.Internal.WebHost.? [?] - MESSAGE: Request finished in 16065.6431ms 200 application/json; charset=utf-8
 